<?xml version="1.0" encoding="UTF-8"?>
<testng-results ignored="0" total="1" passed="1" failed="0" skipped="0">
  <reporter-output>
  </reporter-output>
  <suite started-at="2023-02-15T18:15:29 IST" name="Default suite" finished-at="2023-02-15T18:15:52 IST" duration-ms="23002">
    <groups>
    </groups>
    <test started-at="2023-02-15T18:15:29 IST" name="Default test" finished-at="2023-02-15T18:15:52 IST" duration-ms="23002">
      <class name="org.webTable.WebTable">
        <test-method is-config="true" signature="browser()[pri:0, instance:org.webTable.WebTable@a530d0a]" started-at="2023-02-15T18:15:29 IST" name="browser" finished-at="2023-02-15T18:15:38 IST" duration-ms="9758" status="PASS">
          <reporter-output>
          </reporter-output>
        </test-method> <!-- browser -->
        <test-method signature="webTable()[pri:1, instance:org.webTable.WebTable@a530d0a]" started-at="2023-02-15T18:15:38 IST" name="webTable" finished-at="2023-02-15T18:15:52 IST" duration-ms="13120" status="PASS">
          <reporter-output>
          </reporter-output>
        </test-method> <!-- webTable -->
      </class> <!-- org.webTable.WebTable -->
    </test> <!-- Default test -->
  </suite> <!-- Default suite -->
</testng-results>
